=== created by sis-install.py V1.0 (2023-05-17 12:17:23.678938) ===


Dowloading obviews: git clone  https://git.renater.fr/anonscm/git/otawa/obviews.git '/tmp/tmpy9ujdqtz-sis/obviews'Cloning into '/tmp/tmpy9ujdqtz-sis/obviews'...

Setting up obviews: cmake . -DOTAWA_CONFIG='/home/g/otawa_home/otawa/bin/otawa-config'
CMake Deprecation Warning at CMakeLists.txt:1 (CMAKE_MINIMUM_REQUIRED):
  Compatibility with CMake < 2.8.12 will be removed from a future version of
  CMake.

  Update the VERSION argument <min> value or use a ...<max> suffix to tell
  CMake that the project does not need compatibility with older versions.


-- The C compiler identification is GNU 11.3.0
-- The CXX compiler identification is GNU 11.3.0
-- Detecting C compiler ABI info
-- Detecting C compiler ABI info - done
-- Check for working C compiler: /usr/bin/cc - skipped
-- Detecting C compile features
-- Detecting C compile features - done
-- Detecting CXX compiler ABI info
-- Detecting CXX compiler ABI info - done
-- Check for working CXX compiler: /usr/bin/c++ - skipped
-- Detecting CXX compile features
-- Detecting CXX compile features - done
-- otawa-config at /home/g/otawa_home/otawa/bin/otawa-config
-- Configuring done
-- Generating done
-- Build files have been written to: /tmp/tmpy9ujdqtz-sis/obviews

Building obviews: make

Installing obviews: make install
